<?xml version="1.0" encoding="UTF-8"?>
<testsuite xmlns:xsi="http://www.w3.org/2001/XMLSchema-instance" xsi:noNamespaceSchemaLocation="https://maven.apache.org/surefire/maven-surefire-plugin/xsd/surefire-test-report-3.0.xsd" version="3.0" name="com.example.springboot.ApplicationTests" time="2.46" tests="1" errors="0" skipped="0" failures="0">
  <properties>
    <property name="java.specification.version" value="18"/>
    <property name="sun.jnu.encoding" value="UTF-8"/>
    <property name="java.class.path" value="/Users/nikolasehovac/Desktop/back/target/test-classes:/Users/nikolasehovac/Desktop/back/target/classes:/Users/nikolasehovac/.m2/repository/org/springframework/boot/spring-boot-starter-data-jpa/3.2.5/spring-boot-starter-data-jpa-3.2.5.jar:/Users/nikolasehovac/.m2/repository/org/springframework/boot/spring-boot-starter-aop/3.2.5/spring-boot-starter-aop-3.2.5.jar:/Users/nikolasehovac/.m2/repository/org/aspectj/aspectjweaver/1.9.22/aspectjweaver-1.9.22.jar:/Users/nikolasehovac/.m2/repository/org/springframework/boot/spring-boot-starter-jdbc/3.2.5/spring-boot-starter-jdbc-3.2.5.jar:/Users/nikolasehovac/.m2/repository/com/zaxxer/HikariCP/5.0.1/HikariCP-5.0.1.jar:/Users/nikolasehovac/.m2/repository/org/springframework/spring-jdbc/6.1.6/spring-jdbc-6.1.6.jar:/Users/nikolasehovac/.m2/repository/org/hibernate/orm/hibernate-core/6.4.4.Final/hibernate-core-6.4.4.Final.jar:/Users/nikolasehovac/.m2/repository/jakarta/persistence/jakarta.persistence-api/3.1.0/jakarta.persistence-api-3.1.0.jar:/Users/nikolasehovac/.m2/repository/jakarta/transaction/jakarta.transaction-api/2.0.1/jakarta.transaction-api-2.0.1.jar:/Users/nikolasehovac/.m2/repository/org/jboss/logging/jboss-logging/3.5.3.Final/jboss-logging-3.5.3.Final.jar:/Users/nikolasehovac/.m2/repository/org/hibernate/common/hibernate-commons-annotations/6.0.6.Final/hibernate-commons-annotations-6.0.6.Final.jar:/Users/nikolasehovac/.m2/repository/io/smallrye/jandex/3.1.2/jandex-3.1.2.jar:/Users/nikolasehovac/.m2/repository/com/fasterxml/classmate/1.6.0/classmate-1.6.0.jar:/Users/nikolasehovac/.m2/repository/net/bytebuddy/byte-buddy/1.14.13/byte-buddy-1.14.13.jar:/Users/nikolasehovac/.m2/repository/org/glassfish/jaxb/jaxb-runtime/4.0.5/jaxb-runtime-4.0.5.jar:/Users/nikolasehovac/.m2/repository/org/glassfish/jaxb/jaxb-core/4.0.5/jaxb-core-4.0.5.jar:/Users/nikolasehovac/.m2/repository/org/eclipse/angus/angus-activation/2.0.2/angus-activation-2.0.2.jar:/Users/nikolasehovac/.m2/repository/org/glassfish/jaxb/txw2/4.0.5/txw2-4.0.5.jar:/Users/nikolasehovac/.m2/repository/com/sun/istack/istack-commons-runtime/4.1.2/istack-commons-runtime-4.1.2.jar:/Users/nikolasehovac/.m2/repository/jakarta/inject/jakarta.inject-api/2.0.1/jakarta.inject-api-2.0.1.jar:/Users/nikolasehovac/.m2/repository/org/antlr/antlr4-runtime/4.13.0/antlr4-runtime-4.13.0.jar:/Users/nikolasehovac/.m2/repository/org/springframework/data/spring-data-jpa/3.2.5/spring-data-jpa-3.2.5.jar:/Users/nikolasehovac/.m2/repository/org/springframework/data/spring-data-commons/3.2.5/spring-data-commons-3.2.5.jar:/Users/nikolasehovac/.m2/repository/org/springframework/spring-orm/6.1.6/spring-orm-6.1.6.jar:/Users/nikolasehovac/.m2/repository/org/springframework/spring-context/6.1.6/spring-context-6.1.6.jar:/Users/nikolasehovac/.m2/repository/org/springframework/spring-tx/6.1.6/spring-tx-6.1.6.jar:/Users/nikolasehovac/.m2/repository/org/springframework/spring-beans/6.1.6/spring-beans-6.1.6.jar:/Users/nikolasehovac/.m2/repository/jakarta/annotation/jakarta.annotation-api/2.1.1/jakarta.annotation-api-2.1.1.jar:/Users/nikolasehovac/.m2/repository/org/springframework/spring-aspects/6.1.6/spring-aspects-6.1.6.jar:/Users/nikolasehovac/.m2/repository/org/springframework/boot/spring-boot-starter-security/3.2.5/spring-boot-starter-security-3.2.5.jar:/Users/nikolasehovac/.m2/repository/org/springframework/boot/spring-boot-starter/3.2.5/spring-boot-starter-3.2.5.jar:/Users/nikolasehovac/.m2/repository/org/springframework/boot/spring-boot-starter-logging/3.2.5/spring-boot-starter-logging-3.2.5.jar:/Users/nikolasehovac/.m2/repository/ch/qos/logback/logback-classic/1.4.14/logback-classic-1.4.14.jar:/Users/nikolasehovac/.m2/repository/ch/qos/logback/logback-core/1.4.14/logback-core-1.4.14.jar:/Users/nikolasehovac/.m2/repository/org/apache/logging/log4j/log4j-to-slf4j/2.21.1/log4j-to-slf4j-2.21.1.jar:/Users/nikolasehovac/.m2/repository/org/apache/logging/log4j/log4j-api/2.21.1/log4j-api-2.21.1.jar:/Users/nikolasehovac/.m2/repository/org/slf4j/jul-to-slf4j/2.0.13/jul-to-slf4j-2.0.13.jar:/Users/nikolasehovac/.m2/repository/org/yaml/snakeyaml/2.2/snakeyaml-2.2.jar:/Users/nikolasehovac/.m2/repository/org/springframework/spring-aop/6.1.6/spring-aop-6.1.6.jar:/Users/nikolasehovac/.m2/repository/org/springframework/security/spring-security-config/6.2.4/spring-security-config-6.2.4.jar:/Users/nikolasehovac/.m2/repository/org/springframework/security/spring-security-web/6.2.4/spring-security-web-6.2.4.jar:/Users/nikolasehovac/.m2/repository/org/springframework/spring-expression/6.1.6/spring-expression-6.1.6.jar:/Users/nikolasehovac/.m2/repository/org/springframework/boot/spring-boot-starter-web/3.2.5/spring-boot-starter-web-3.2.5.jar:/Users/nikolasehovac/.m2/repository/org/springframework/boot/spring-boot-starter-json/3.2.5/spring-boot-starter-json-3.2.5.jar:/Users/nikolasehovac/.m2/repository/com/fasterxml/jackson/datatype/jackson-datatype-jdk8/2.15.4/jackson-datatype-jdk8-2.15.4.jar:/Users/nikolasehovac/.m2/repository/com/fasterxml/jackson/datatype/jackson-datatype-jsr310/2.15.4/jackson-datatype-jsr310-2.15.4.jar:/Users/nikolasehovac/.m2/repository/com/fasterxml/jackson/module/jackson-module-parameter-names/2.15.4/jackson-module-parameter-names-2.15.4.jar:/Users/nikolasehovac/.m2/repository/org/springframework/boot/spring-boot-starter-tomcat/3.2.5/spring-boot-starter-tomcat-3.2.5.jar:/Users/nikolasehovac/.m2/repository/org/apache/tomcat/embed/tomcat-embed-core/10.1.20/tomcat-embed-core-10.1.20.jar:/Users/nikolasehovac/.m2/repository/org/apache/tomcat/embed/tomcat-embed-el/10.1.20/tomcat-embed-el-10.1.20.jar:/Users/nikolasehovac/.m2/repository/org/apache/tomcat/embed/tomcat-embed-websocket/10.1.20/tomcat-embed-websocket-10.1.20.jar:/Users/nikolasehovac/.m2/repository/org/springframework/spring-web/6.1.6/spring-web-6.1.6.jar:/Users/nikolasehovac/.m2/repository/io/micrometer/micrometer-observation/1.12.5/micrometer-observation-1.12.5.jar:/Users/nikolasehovac/.m2/repository/io/micrometer/micrometer-commons/1.12.5/micrometer-commons-1.12.5.jar:/Users/nikolasehovac/.m2/repository/org/springframework/spring-webmvc/6.1.6/spring-webmvc-6.1.6.jar:/Users/nikolasehovac/.m2/repository/javax/servlet/javax.servlet-api/4.0.1/javax.servlet-api-4.0.1.jar:/Users/nikolasehovac/.m2/repository/io/jsonwebtoken/jjwt-api/0.11.5/jjwt-api-0.11.5.jar:/Users/nikolasehovac/.m2/repository/io/jsonwebtoken/jjwt-impl/0.11.5/jjwt-impl-0.11.5.jar:/Users/nikolasehovac/.m2/repository/io/jsonwebtoken/jjwt-jackson/0.11.5/jjwt-jackson-0.11.5.jar:/Users/nikolasehovac/.m2/repository/com/fasterxml/jackson/core/jackson-databind/2.15.4/jackson-databind-2.15.4.jar:/Users/nikolasehovac/.m2/repository/com/fasterxml/jackson/core/jackson-annotations/2.15.4/jackson-annotations-2.15.4.jar:/Users/nikolasehovac/.m2/repository/com/fasterxml/jackson/core/jackson-core/2.15.4/jackson-core-2.15.4.jar:/Users/nikolasehovac/.m2/repository/org/postgresql/postgresql/42.6.2/postgresql-42.6.2.jar:/Users/nikolasehovac/.m2/repository/org/checkerframework/checker-qual/3.31.0/checker-qual-3.31.0.jar:/Users/nikolasehovac/.m2/repository/org/projectlombok/lombok/1.18.32/lombok-1.18.32.jar:/Users/nikolasehovac/.m2/repository/org/springframework/boot/spring-boot-starter-test/3.2.5/spring-boot-starter-test-3.2.5.jar:/Users/nikolasehovac/.m2/repository/org/springframework/boot/spring-boot-test/3.2.5/spring-boot-test-3.2.5.jar:/Users/nikolasehovac/.m2/repository/org/springframework/boot/spring-boot-test-autoconfigure/3.2.5/spring-boot-test-autoconfigure-3.2.5.jar:/Users/nikolasehovac/.m2/repository/com/jayway/jsonpath/json-path/2.9.0/json-path-2.9.0.jar:/Users/nikolasehovac/.m2/repository/jakarta/xml/bind/jakarta.xml.bind-api/4.0.2/jakarta.xml.bind-api-4.0.2.jar:/Users/nikolasehovac/.m2/repository/jakarta/activation/jakarta.activation-api/2.1.3/jakarta.activation-api-2.1.3.jar:/Users/nikolasehovac/.m2/repository/net/minidev/json-smart/2.5.1/json-smart-2.5.1.jar:/Users/nikolasehovac/.m2/repository/net/minidev/accessors-smart/2.5.1/accessors-smart-2.5.1.jar:/Users/nikolasehovac/.m2/repository/org/ow2/asm/asm/9.6/asm-9.6.jar:/Users/nikolasehovac/.m2/repository/org/assertj/assertj-core/3.24.2/assertj-core-3.24.2.jar:/Users/nikolasehovac/.m2/repository/org/awaitility/awaitility/4.2.1/awaitility-4.2.1.jar:/Users/nikolasehovac/.m2/repository/org/hamcrest/hamcrest/2.2/hamcrest-2.2.jar:/Users/nikolasehovac/.m2/repository/org/junit/jupiter/junit-jupiter/5.10.2/junit-jupiter-5.10.2.jar:/Users/nikolasehovac/.m2/repository/org/junit/jupiter/junit-jupiter-api/5.10.2/junit-jupiter-api-5.10.2.jar:/Users/nikolasehovac/.m2/repository/org/opentest4j/opentest4j/1.3.0/opentest4j-1.3.0.jar:/Users/nikolasehovac/.m2/repository/org/junit/platform/junit-platform-commons/1.10.2/junit-platform-commons-1.10.2.jar:/Users/nikolasehovac/.m2/repository/org/apiguardian/apiguardian-api/1.1.2/apiguardian-api-1.1.2.jar:/Users/nikolasehovac/.m2/repository/org/junit/jupiter/junit-jupiter-params/5.10.2/junit-jupiter-params-5.10.2.jar:/Users/nikolasehovac/.m2/repository/org/junit/jupiter/junit-jupiter-engine/5.10.2/junit-jupiter-engine-5.10.2.jar:/Users/nikolasehovac/.m2/repository/org/junit/platform/junit-platform-engine/1.10.2/junit-platform-engine-1.10.2.jar:/Users/nikolasehovac/.m2/repository/org/mockito/mockito-core/5.7.0/mockito-core-5.7.0.jar:/Users/nikolasehovac/.m2/repository/net/bytebuddy/byte-buddy-agent/1.14.13/byte-buddy-agent-1.14.13.jar:/Users/nikolasehovac/.m2/repository/org/objenesis/objenesis/3.3/objenesis-3.3.jar:/Users/nikolasehovac/.m2/repository/org/mockito/mockito-junit-jupiter/5.7.0/mockito-junit-jupiter-5.7.0.jar:/Users/nikolasehovac/.m2/repository/org/skyscreamer/jsonassert/1.5.1/jsonassert-1.5.1.jar:/Users/nikolasehovac/.m2/repository/com/vaadin/external/google/android-json/0.0.20131108.vaadin1/android-json-0.0.20131108.vaadin1.jar:/Users/nikolasehovac/.m2/repository/org/springframework/spring-core/6.1.6/spring-core-6.1.6.jar:/Users/nikolasehovac/.m2/repository/org/springframework/spring-jcl/6.1.6/spring-jcl-6.1.6.jar:/Users/nikolasehovac/.m2/repository/org/springframework/spring-test/6.1.6/spring-test-6.1.6.jar:/Users/nikolasehovac/.m2/repository/org/xmlunit/xmlunit-core/2.9.1/xmlunit-core-2.9.1.jar:/Users/nikolasehovac/.m2/repository/org/springframework/boot/spring-boot-devtools/3.2.5/spring-boot-devtools-3.2.5.jar:/Users/nikolasehovac/.m2/repository/org/springframework/boot/spring-boot/3.2.5/spring-boot-3.2.5.jar:/Users/nikolasehovac/.m2/repository/org/springframework/boot/spring-boot-autoconfigure/3.2.5/spring-boot-autoconfigure-3.2.5.jar:/Users/nikolasehovac/.m2/repository/org/kie/kie-api/7.73.0.Final/kie-api-7.73.0.Final.jar:/Users/nikolasehovac/.m2/repository/org/kie/soup/kie-soup-maven-support/7.73.0.Final/kie-soup-maven-support-7.73.0.Final.jar:/Users/nikolasehovac/.m2/repository/org/slf4j/slf4j-api/2.0.13/slf4j-api-2.0.13.jar:/Users/nikolasehovac/.m2/repository/org/kie/kie-ci/7.73.0.Final/kie-ci-7.73.0.Final.jar:/Users/nikolasehovac/.m2/repository/org/drools/drools-core-reflective/7.73.0.Final/drools-core-reflective-7.73.0.Final.jar:/Users/nikolasehovac/.m2/repository/org/kie/kie-memory-compiler/7.73.0.Final/kie-memory-compiler-7.73.0.Final.jar:/Users/nikolasehovac/.m2/repository/org/drools/drools-core-dynamic/7.73.0.Final/drools-core-dynamic-7.73.0.Final.jar:/Users/nikolasehovac/.m2/repository/org/drools/drools-core/7.73.0.Final/drools-core-7.73.0.Final.jar:/Users/nikolasehovac/.m2/repository/org/kie/soup/kie-soup-xstream/7.73.0.Final/kie-soup-xstream-7.73.0.Final.jar:/Users/nikolasehovac/.m2/repository/commons-codec/commons-codec/1.16.1/commons-codec-1.16.1.jar:/Users/nikolasehovac/.m2/repository/org/drools/drools-compiler/7.73.0.Final/drools-compiler-7.73.0.Final.jar:/Users/nikolasehovac/.m2/repository/org/drools/drools-ecj/7.73.0.Final/drools-ecj-7.73.0.Final.jar:/Users/nikolasehovac/.m2/repository/org/antlr/antlr-runtime/3.5.2/antlr-runtime-3.5.2.jar:/Users/nikolasehovac/.m2/repository/com/thoughtworks/xstream/xstream/1.4.19/xstream-1.4.19.jar:/Users/nikolasehovac/.m2/repository/io/github/x-stream/mxparser/1.2.2/mxparser-1.2.2.jar:/Users/nikolasehovac/.m2/repository/xmlpull/xmlpull/1.1.3.1/xmlpull-1.1.3.1.jar:/Users/nikolasehovac/.m2/repository/org/drools/drools-mvel/7.73.0.Final/drools-mvel-7.73.0.Final.jar:/Users/nikolasehovac/.m2/repository/org/mvel/mvel2/2.4.14.Final/mvel2-2.4.14.Final.jar:/Users/nikolasehovac/.m2/repository/org/kie/soup/kie-soup-project-datamodel-commons/7.73.0.Final/kie-soup-project-datamodel-commons-7.73.0.Final.jar:/Users/nikolasehovac/.m2/repository/org/kie/soup/kie-soup-commons/7.73.0.Final/kie-soup-commons-7.73.0.Final.jar:/Users/nikolasehovac/.m2/repository/org/kie/soup/kie-soup-project-datamodel-api/7.73.0.Final/kie-soup-project-datamodel-api-7.73.0.Final.jar:/Users/nikolasehovac/.m2/repository/org/drools/drools-serialization-protobuf/7.73.0.Final/drools-serialization-protobuf-7.73.0.Final.jar:/Users/nikolasehovac/.m2/repository/com/google/protobuf/protobuf-java/3.19.4/protobuf-java-3.19.4.jar:/Users/nikolasehovac/.m2/repository/org/kie/kie-internal/7.73.0.Final/kie-internal-7.73.0.Final.jar:/Users/nikolasehovac/.m2/repository/org/kie/soup/kie-soup-maven-integration/7.73.0.Final/kie-soup-maven-integration-7.73.0.Final.jar:/Users/nikolasehovac/.m2/repository/org/apache/maven/maven-artifact/3.3.9/maven-artifact-3.3.9.jar:/Users/nikolasehovac/.m2/repository/org/apache/maven/maven-plugin-api/3.3.9/maven-plugin-api-3.3.9.jar:/Users/nikolasehovac/.m2/repository/org/eclipse/aether/aether-util/1.1.0/aether-util-1.1.0.jar:/Users/nikolasehovac/.m2/repository/org/eclipse/aether/aether-spi/1.1.0/aether-spi-1.1.0.jar:/Users/nikolasehovac/.m2/repository/org/eclipse/aether/aether-transport-file/1.1.0/aether-transport-file-1.1.0.jar:/Users/nikolasehovac/.m2/repository/org/eclipse/aether/aether-transport-http/1.1.0/aether-transport-http-1.1.0.jar:/Users/nikolasehovac/.m2/repository/jakarta/enterprise/jakarta.enterprise.cdi-api/2.0.2/jakarta.enterprise.cdi-api-2.0.2.jar:/Users/nikolasehovac/.m2/repository/jakarta/el/jakarta.el-api/3.0.3/jakarta.el-api-3.0.3.jar:/Users/nikolasehovac/.m2/repository/jakarta/interceptor/jakarta.interceptor-api/1.2.5/jakarta.interceptor-api-1.2.5.jar:/Users/nikolasehovac/.m2/repository/jakarta/ejb/jakarta.ejb-api/3.2.6/jakarta.ejb-api-3.2.6.jar:/Users/nikolasehovac/.m2/repository/org/apache/ant/ant/1.10.11/ant-1.10.11.jar:/Users/nikolasehovac/.m2/repository/org/apache/ant/ant-launcher/1.10.11/ant-launcher-1.10.11.jar:/Users/nikolasehovac/.m2/repository/org/apache/httpcomponents/httpcore/4.4.16/httpcore-4.4.16.jar:/Users/nikolasehovac/.m2/repository/com/google/inject/guice/4.0/guice-4.0-no_aop.jar:/Users/nikolasehovac/.m2/repository/aopalliance/aopalliance/1.0/aopalliance-1.0.jar:/Users/nikolasehovac/.m2/repository/org/apache/maven/maven-core/3.3.9/maven-core-3.3.9.jar:/Users/nikolasehovac/.m2/repository/org/apache/maven/maven-repository-metadata/3.3.9/maven-repository-metadata-3.3.9.jar:/Users/nikolasehovac/.m2/repository/org/codehaus/plexus/plexus-interpolation/1.21/plexus-interpolation-1.21.jar:/Users/nikolasehovac/.m2/repository/org/codehaus/plexus/plexus-component-annotations/1.6/plexus-component-annotations-1.6.jar:/Users/nikolasehovac/.m2/repository/org/apache/commons/commons-lang3/3.13.0/commons-lang3-3.13.0.jar:/Users/nikolasehovac/.m2/repository/org/apache/maven/maven-model/3.3.9/maven-model-3.3.9.jar:/Users/nikolasehovac/.m2/repository/org/apache/maven/maven-model-builder/3.3.9/maven-model-builder-3.3.9.jar:/Users/nikolasehovac/.m2/repository/org/apache/maven/maven-builder-support/3.3.9/maven-builder-support-3.3.9.jar:/Users/nikolasehovac/.m2/repository/com/google/guava/guava/18.0/guava-18.0.jar:/Users/nikolasehovac/.m2/repository/org/apache/maven/maven-settings/3.3.9/maven-settings-3.3.9.jar:/Users/nikolasehovac/.m2/repository/org/apache/maven/maven-settings-builder/3.3.9/maven-settings-builder-3.3.9.jar:/Users/nikolasehovac/.m2/repository/org/apache/maven/maven-compat/3.3.9/maven-compat-3.3.9.jar:/Users/nikolasehovac/.m2/repository/org/apache/maven/maven-aether-provider/3.3.9/maven-aether-provider-3.3.9.jar:/Users/nikolasehovac/.m2/repository/org/apache/maven/wagon/wagon-provider-api/3.0.0/wagon-provider-api-3.0.0.jar:/Users/nikolasehovac/.m2/repository/org/sonatype/plexus/plexus-sec-dispatcher/1.3/plexus-sec-dispatcher-1.3.jar:/Users/nikolasehovac/.m2/repository/org/codehaus/plexus/plexus-classworlds/2.5.2/plexus-classworlds-2.5.2.jar:/Users/nikolasehovac/.m2/repository/org/codehaus/plexus/plexus-utils/3.0.22/plexus-utils-3.0.22.jar:/Users/nikolasehovac/.m2/repository/org/eclipse/aether/aether-api/1.1.0/aether-api-1.1.0.jar:/Users/nikolasehovac/.m2/repository/org/eclipse/aether/aether-impl/1.1.0/aether-impl-1.1.0.jar:/Users/nikolasehovac/.m2/repository/org/eclipse/aether/aether-connector-basic/1.1.0/aether-connector-basic-1.1.0.jar:/Users/nikolasehovac/.m2/repository/org/eclipse/aether/aether-transport-wagon/1.1.0/aether-transport-wagon-1.1.0.jar:/Users/nikolasehovac/.m2/repository/org/eclipse/sisu/org.eclipse.sisu.plexus/0.3.2/org.eclipse.sisu.plexus-0.3.2.jar:/Users/nikolasehovac/.m2/repository/javax/enterprise/cdi-api/1.0/cdi-api-1.0.jar:/Users/nikolasehovac/.m2/repository/javax/annotation/jsr250-api/1.0/jsr250-api-1.0.jar:/Users/nikolasehovac/.m2/repository/javax/inject/javax.inject/1/javax.inject-1.jar:/Users/nikolasehovac/.m2/repository/org/eclipse/sisu/org.eclipse.sisu.inject/0.3.2/org.eclipse.sisu.inject-0.3.2.jar:/Users/nikolasehovac/.m2/repository/org/apache/maven/wagon/wagon-http/3.0.0/wagon-http-3.0.0.jar:/Users/nikolasehovac/.m2/repository/org/apache/maven/wagon/wagon-http-shared/3.0.0/wagon-http-shared-3.0.0.jar:/Users/nikolasehovac/.m2/repository/org/jsoup/jsoup/1.7.2/jsoup-1.7.2.jar:/Users/nikolasehovac/.m2/repository/org/apache/httpcomponents/httpclient/4.5.3/httpclient-4.5.3.jar:/Users/nikolasehovac/.m2/repository/commons-io/commons-io/2.7/commons-io-2.7.jar:/Users/nikolasehovac/.m2/repository/org/slf4j/jcl-over-slf4j/2.0.13/jcl-over-slf4j-2.0.13.jar:/Users/nikolasehovac/.m2/repository/org/sonatype/plexus/plexus-cipher/1.7/plexus-cipher-1.7.jar:/Users/nikolasehovac/.m2/repository/org/springframework/security/spring-security-test/6.2.4/spring-security-test-6.2.4.jar:/Users/nikolasehovac/.m2/repository/org/springframework/security/spring-security-core/6.2.4/spring-security-core-6.2.4.jar:/Users/nikolasehovac/.m2/repository/org/springframework/security/spring-security-crypto/6.2.4/spring-security-crypto-6.2.4.jar:"/>
    <property name="java.vm.vendor" value="Oracle Corporation"/>
    <property name="sun.arch.data.model" value="64"/>
    <property name="java.vendor.url" value="https://java.oracle.com/"/>
    <property name="user.timezone" value="Europe/Belgrade"/>
    <property name="org.jboss.logging.provider" value="slf4j"/>
    <property name="os.name" value="Mac OS X"/>
    <property name="java.vm.specification.version" value="18"/>
    <property name="sun.java.launcher" value="SUN_STANDARD"/>
    <property name="user.country" value="RS"/>
    <property name="sun.boot.library.path" value="/Library/Java/JavaVirtualMachines/jdk-18.0.2.1.jdk/Contents/Home/lib"/>
    <property name="sun.java.command" value="/Users/nikolasehovac/Desktop/back/target/surefire/surefirebooter-20240506233405959_3.jar /Users/nikolasehovac/Desktop/back/target/surefire 2024-05-06T23-34-05_927-jvmRun1 surefire-20240506233405959_1tmp surefire_0-20240506233405959_2tmp"/>
    <property name="http.nonProxyHosts" value="local|*.local|169.254/16|*.169.254/16"/>
    <property name="jdk.debug" value="release"/>
    <property name="surefire.test.class.path" value="/Users/nikolasehovac/Desktop/back/target/test-classes:/Users/nikolasehovac/Desktop/back/target/classes:/Users/nikolasehovac/.m2/repository/org/springframework/boot/spring-boot-starter-data-jpa/3.2.5/spring-boot-starter-data-jpa-3.2.5.jar:/Users/nikolasehovac/.m2/repository/org/springframework/boot/spring-boot-starter-aop/3.2.5/spring-boot-starter-aop-3.2.5.jar:/Users/nikolasehovac/.m2/repository/org/aspectj/aspectjweaver/1.9.22/aspectjweaver-1.9.22.jar:/Users/nikolasehovac/.m2/repository/org/springframework/boot/spring-boot-starter-jdbc/3.2.5/spring-boot-starter-jdbc-3.2.5.jar:/Users/nikolasehovac/.m2/repository/com/zaxxer/HikariCP/5.0.1/HikariCP-5.0.1.jar:/Users/nikolasehovac/.m2/repository/org/springframework/spring-jdbc/6.1.6/spring-jdbc-6.1.6.jar:/Users/nikolasehovac/.m2/repository/org/hibernate/orm/hibernate-core/6.4.4.Final/hibernate-core-6.4.4.Final.jar:/Users/nikolasehovac/.m2/repository/jakarta/persistence/jakarta.persistence-api/3.1.0/jakarta.persistence-api-3.1.0.jar:/Users/nikolasehovac/.m2/repository/jakarta/transaction/jakarta.transaction-api/2.0.1/jakarta.transaction-api-2.0.1.jar:/Users/nikolasehovac/.m2/repository/org/jboss/logging/jboss-logging/3.5.3.Final/jboss-logging-3.5.3.Final.jar:/Users/nikolasehovac/.m2/repository/org/hibernate/common/hibernate-commons-annotations/6.0.6.Final/hibernate-commons-annotations-6.0.6.Final.jar:/Users/nikolasehovac/.m2/repository/io/smallrye/jandex/3.1.2/jandex-3.1.2.jar:/Users/nikolasehovac/.m2/repository/com/fasterxml/classmate/1.6.0/classmate-1.6.0.jar:/Users/nikolasehovac/.m2/repository/net/bytebuddy/byte-buddy/1.14.13/byte-buddy-1.14.13.jar:/Users/nikolasehovac/.m2/repository/org/glassfish/jaxb/jaxb-runtime/4.0.5/jaxb-runtime-4.0.5.jar:/Users/nikolasehovac/.m2/repository/org/glassfish/jaxb/jaxb-core/4.0.5/jaxb-core-4.0.5.jar:/Users/nikolasehovac/.m2/repository/org/eclipse/angus/angus-activation/2.0.2/angus-activation-2.0.2.jar:/Users/nikolasehovac/.m2/repository/org/glassfish/jaxb/txw2/4.0.5/txw2-4.0.5.jar:/Users/nikolasehovac/.m2/repository/com/sun/istack/istack-commons-runtime/4.1.2/istack-commons-runtime-4.1.2.jar:/Users/nikolasehovac/.m2/repository/jakarta/inject/jakarta.inject-api/2.0.1/jakarta.inject-api-2.0.1.jar:/Users/nikolasehovac/.m2/repository/org/antlr/antlr4-runtime/4.13.0/antlr4-runtime-4.13.0.jar:/Users/nikolasehovac/.m2/repository/org/springframework/data/spring-data-jpa/3.2.5/spring-data-jpa-3.2.5.jar:/Users/nikolasehovac/.m2/repository/org/springframework/data/spring-data-commons/3.2.5/spring-data-commons-3.2.5.jar:/Users/nikolasehovac/.m2/repository/org/springframework/spring-orm/6.1.6/spring-orm-6.1.6.jar:/Users/nikolasehovac/.m2/repository/org/springframework/spring-context/6.1.6/spring-context-6.1.6.jar:/Users/nikolasehovac/.m2/repository/org/springframework/spring-tx/6.1.6/spring-tx-6.1.6.jar:/Users/nikolasehovac/.m2/repository/org/springframework/spring-beans/6.1.6/spring-beans-6.1.6.jar:/Users/nikolasehovac/.m2/repository/jakarta/annotation/jakarta.annotation-api/2.1.1/jakarta.annotation-api-2.1.1.jar:/Users/nikolasehovac/.m2/repository/org/springframework/spring-aspects/6.1.6/spring-aspects-6.1.6.jar:/Users/nikolasehovac/.m2/repository/org/springframework/boot/spring-boot-starter-security/3.2.5/spring-boot-starter-security-3.2.5.jar:/Users/nikolasehovac/.m2/repository/org/springframework/boot/spring-boot-starter/3.2.5/spring-boot-starter-3.2.5.jar:/Users/nikolasehovac/.m2/repository/org/springframework/boot/spring-boot-starter-logging/3.2.5/spring-boot-starter-logging-3.2.5.jar:/Users/nikolasehovac/.m2/repository/ch/qos/logback/logback-classic/1.4.14/logback-classic-1.4.14.jar:/Users/nikolasehovac/.m2/repository/ch/qos/logback/logback-core/1.4.14/logback-core-1.4.14.jar:/Users/nikolasehovac/.m2/repository/org/apache/logging/log4j/log4j-to-slf4j/2.21.1/log4j-to-slf4j-2.21.1.jar:/Users/nikolasehovac/.m2/repository/org/apache/logging/log4j/log4j-api/2.21.1/log4j-api-2.21.1.jar:/Users/nikolasehovac/.m2/repository/org/slf4j/jul-to-slf4j/2.0.13/jul-to-slf4j-2.0.13.jar:/Users/nikolasehovac/.m2/repository/org/yaml/snakeyaml/2.2/snakeyaml-2.2.jar:/Users/nikolasehovac/.m2/repository/org/springframework/spring-aop/6.1.6/spring-aop-6.1.6.jar:/Users/nikolasehovac/.m2/repository/org/springframework/security/spring-security-config/6.2.4/spring-security-config-6.2.4.jar:/Users/nikolasehovac/.m2/repository/org/springframework/security/spring-security-web/6.2.4/spring-security-web-6.2.4.jar:/Users/nikolasehovac/.m2/repository/org/springframework/spring-expression/6.1.6/spring-expression-6.1.6.jar:/Users/nikolasehovac/.m2/repository/org/springframework/boot/spring-boot-starter-web/3.2.5/spring-boot-starter-web-3.2.5.jar:/Users/nikolasehovac/.m2/repository/org/springframework/boot/spring-boot-starter-json/3.2.5/spring-boot-starter-json-3.2.5.jar:/Users/nikolasehovac/.m2/repository/com/fasterxml/jackson/datatype/jackson-datatype-jdk8/2.15.4/jackson-datatype-jdk8-2.15.4.jar:/Users/nikolasehovac/.m2/repository/com/fasterxml/jackson/datatype/jackson-datatype-jsr310/2.15.4/jackson-datatype-jsr310-2.15.4.jar:/Users/nikolasehovac/.m2/repository/com/fasterxml/jackson/module/jackson-module-parameter-names/2.15.4/jackson-module-parameter-names-2.15.4.jar:/Users/nikolasehovac/.m2/repository/org/springframework/boot/spring-boot-starter-tomcat/3.2.5/spring-boot-starter-tomcat-3.2.5.jar:/Users/nikolasehovac/.m2/repository/org/apache/tomcat/embed/tomcat-embed-core/10.1.20/tomcat-embed-core-10.1.20.jar:/Users/nikolasehovac/.m2/repository/org/apache/tomcat/embed/tomcat-embed-el/10.1.20/tomcat-embed-el-10.1.20.jar:/Users/nikolasehovac/.m2/repository/org/apache/tomcat/embed/tomcat-embed-websocket/10.1.20/tomcat-embed-websocket-10.1.20.jar:/Users/nikolasehovac/.m2/repository/org/springframework/spring-web/6.1.6/spring-web-6.1.6.jar:/Users/nikolasehovac/.m2/repository/io/micrometer/micrometer-observation/1.12.5/micrometer-observation-1.12.5.jar:/Users/nikolasehovac/.m2/repository/io/micrometer/micrometer-commons/1.12.5/micrometer-commons-1.12.5.jar:/Users/nikolasehovac/.m2/repository/org/springframework/spring-webmvc/6.1.6/spring-webmvc-6.1.6.jar:/Users/nikolasehovac/.m2/repository/javax/servlet/javax.servlet-api/4.0.1/javax.servlet-api-4.0.1.jar:/Users/nikolasehovac/.m2/repository/io/jsonwebtoken/jjwt-api/0.11.5/jjwt-api-0.11.5.jar:/Users/nikolasehovac/.m2/repository/io/jsonwebtoken/jjwt-impl/0.11.5/jjwt-impl-0.11.5.jar:/Users/nikolasehovac/.m2/repository/io/jsonwebtoken/jjwt-jackson/0.11.5/jjwt-jackson-0.11.5.jar:/Users/nikolasehovac/.m2/repository/com/fasterxml/jackson/core/jackson-databind/2.15.4/jackson-databind-2.15.4.jar:/Users/nikolasehovac/.m2/repository/com/fasterxml/jackson/core/jackson-annotations/2.15.4/jackson-annotations-2.15.4.jar:/Users/nikolasehovac/.m2/repository/com/fasterxml/jackson/core/jackson-core/2.15.4/jackson-core-2.15.4.jar:/Users/nikolasehovac/.m2/repository/org/postgresql/postgresql/42.6.2/postgresql-42.6.2.jar:/Users/nikolasehovac/.m2/repository/org/checkerframework/checker-qual/3.31.0/checker-qual-3.31.0.jar:/Users/nikolasehovac/.m2/repository/org/projectlombok/lombok/1.18.32/lombok-1.18.32.jar:/Users/nikolasehovac/.m2/repository/org/springframework/boot/spring-boot-starter-test/3.2.5/spring-boot-starter-test-3.2.5.jar:/Users/nikolasehovac/.m2/repository/org/springframework/boot/spring-boot-test/3.2.5/spring-boot-test-3.2.5.jar:/Users/nikolasehovac/.m2/repository/org/springframework/boot/spring-boot-test-autoconfigure/3.2.5/spring-boot-test-autoconfigure-3.2.5.jar:/Users/nikolasehovac/.m2/repository/com/jayway/jsonpath/json-path/2.9.0/json-path-2.9.0.jar:/Users/nikolasehovac/.m2/repository/jakarta/xml/bind/jakarta.xml.bind-api/4.0.2/jakarta.xml.bind-api-4.0.2.jar:/Users/nikolasehovac/.m2/repository/jakarta/activation/jakarta.activation-api/2.1.3/jakarta.activation-api-2.1.3.jar:/Users/nikolasehovac/.m2/repository/net/minidev/json-smart/2.5.1/json-smart-2.5.1.jar:/Users/nikolasehovac/.m2/repository/net/minidev/accessors-smart/2.5.1/accessors-smart-2.5.1.jar:/Users/nikolasehovac/.m2/repository/org/ow2/asm/asm/9.6/asm-9.6.jar:/Users/nikolasehovac/.m2/repository/org/assertj/assertj-core/3.24.2/assertj-core-3.24.2.jar:/Users/nikolasehovac/.m2/repository/org/awaitility/awaitility/4.2.1/awaitility-4.2.1.jar:/Users/nikolasehovac/.m2/repository/org/hamcrest/hamcrest/2.2/hamcrest-2.2.jar:/Users/nikolasehovac/.m2/repository/org/junit/jupiter/junit-jupiter/5.10.2/junit-jupiter-5.10.2.jar:/Users/nikolasehovac/.m2/repository/org/junit/jupiter/junit-jupiter-api/5.10.2/junit-jupiter-api-5.10.2.jar:/Users/nikolasehovac/.m2/repository/org/opentest4j/opentest4j/1.3.0/opentest4j-1.3.0.jar:/Users/nikolasehovac/.m2/repository/org/junit/platform/junit-platform-commons/1.10.2/junit-platform-commons-1.10.2.jar:/Users/nikolasehovac/.m2/repository/org/apiguardian/apiguardian-api/1.1.2/apiguardian-api-1.1.2.jar:/Users/nikolasehovac/.m2/repository/org/junit/jupiter/junit-jupiter-params/5.10.2/junit-jupiter-params-5.10.2.jar:/Users/nikolasehovac/.m2/repository/org/junit/jupiter/junit-jupiter-engine/5.10.2/junit-jupiter-engine-5.10.2.jar:/Users/nikolasehovac/.m2/repository/org/junit/platform/junit-platform-engine/1.10.2/junit-platform-engine-1.10.2.jar:/Users/nikolasehovac/.m2/repository/org/mockito/mockito-core/5.7.0/mockito-core-5.7.0.jar:/Users/nikolasehovac/.m2/repository/net/bytebuddy/byte-buddy-agent/1.14.13/byte-buddy-agent-1.14.13.jar:/Users/nikolasehovac/.m2/repository/org/objenesis/objenesis/3.3/objenesis-3.3.jar:/Users/nikolasehovac/.m2/repository/org/mockito/mockito-junit-jupiter/5.7.0/mockito-junit-jupiter-5.7.0.jar:/Users/nikolasehovac/.m2/repository/org/skyscreamer/jsonassert/1.5.1/jsonassert-1.5.1.jar:/Users/nikolasehovac/.m2/repository/com/vaadin/external/google/android-json/0.0.20131108.vaadin1/android-json-0.0.20131108.vaadin1.jar:/Users/nikolasehovac/.m2/repository/org/springframework/spring-core/6.1.6/spring-core-6.1.6.jar:/Users/nikolasehovac/.m2/repository/org/springframework/spring-jcl/6.1.6/spring-jcl-6.1.6.jar:/Users/nikolasehovac/.m2/repository/org/springframework/spring-test/6.1.6/spring-test-6.1.6.jar:/Users/nikolasehovac/.m2/repository/org/xmlunit/xmlunit-core/2.9.1/xmlunit-core-2.9.1.jar:/Users/nikolasehovac/.m2/repository/org/springframework/boot/spring-boot-devtools/3.2.5/spring-boot-devtools-3.2.5.jar:/Users/nikolasehovac/.m2/repository/org/springframework/boot/spring-boot/3.2.5/spring-boot-3.2.5.jar:/Users/nikolasehovac/.m2/repository/org/springframework/boot/spring-boot-autoconfigure/3.2.5/spring-boot-autoconfigure-3.2.5.jar:/Users/nikolasehovac/.m2/repository/org/kie/kie-api/7.73.0.Final/kie-api-7.73.0.Final.jar:/Users/nikolasehovac/.m2/repository/org/kie/soup/kie-soup-maven-support/7.73.0.Final/kie-soup-maven-support-7.73.0.Final.jar:/Users/nikolasehovac/.m2/repository/org/slf4j/slf4j-api/2.0.13/slf4j-api-2.0.13.jar:/Users/nikolasehovac/.m2/repository/org/kie/kie-ci/7.73.0.Final/kie-ci-7.73.0.Final.jar:/Users/nikolasehovac/.m2/repository/org/drools/drools-core-reflective/7.73.0.Final/drools-core-reflective-7.73.0.Final.jar:/Users/nikolasehovac/.m2/repository/org/kie/kie-memory-compiler/7.73.0.Final/kie-memory-compiler-7.73.0.Final.jar:/Users/nikolasehovac/.m2/repository/org/drools/drools-core-dynamic/7.73.0.Final/drools-core-dynamic-7.73.0.Final.jar:/Users/nikolasehovac/.m2/repository/org/drools/drools-core/7.73.0.Final/drools-core-7.73.0.Final.jar:/Users/nikolasehovac/.m2/repository/org/kie/soup/kie-soup-xstream/7.73.0.Final/kie-soup-xstream-7.73.0.Final.jar:/Users/nikolasehovac/.m2/repository/commons-codec/commons-codec/1.16.1/commons-codec-1.16.1.jar:/Users/nikolasehovac/.m2/repository/org/drools/drools-compiler/7.73.0.Final/drools-compiler-7.73.0.Final.jar:/Users/nikolasehovac/.m2/repository/org/drools/drools-ecj/7.73.0.Final/drools-ecj-7.73.0.Final.jar:/Users/nikolasehovac/.m2/repository/org/antlr/antlr-runtime/3.5.2/antlr-runtime-3.5.2.jar:/Users/nikolasehovac/.m2/repository/com/thoughtworks/xstream/xstream/1.4.19/xstream-1.4.19.jar:/Users/nikolasehovac/.m2/repository/io/github/x-stream/mxparser/1.2.2/mxparser-1.2.2.jar:/Users/nikolasehovac/.m2/repository/xmlpull/xmlpull/1.1.3.1/xmlpull-1.1.3.1.jar:/Users/nikolasehovac/.m2/repository/org/drools/drools-mvel/7.73.0.Final/drools-mvel-7.73.0.Final.jar:/Users/nikolasehovac/.m2/repository/org/mvel/mvel2/2.4.14.Final/mvel2-2.4.14.Final.jar:/Users/nikolasehovac/.m2/repository/org/kie/soup/kie-soup-project-datamodel-commons/7.73.0.Final/kie-soup-project-datamodel-commons-7.73.0.Final.jar:/Users/nikolasehovac/.m2/repository/org/kie/soup/kie-soup-commons/7.73.0.Final/kie-soup-commons-7.73.0.Final.jar:/Users/nikolasehovac/.m2/repository/org/kie/soup/kie-soup-project-datamodel-api/7.73.0.Final/kie-soup-project-datamodel-api-7.73.0.Final.jar:/Users/nikolasehovac/.m2/repository/org/drools/drools-serialization-protobuf/7.73.0.Final/drools-serialization-protobuf-7.73.0.Final.jar:/Users/nikolasehovac/.m2/repository/com/google/protobuf/protobuf-java/3.19.4/protobuf-java-3.19.4.jar:/Users/nikolasehovac/.m2/repository/org/kie/kie-internal/7.73.0.Final/kie-internal-7.73.0.Final.jar:/Users/nikolasehovac/.m2/repository/org/kie/soup/kie-soup-maven-integration/7.73.0.Final/kie-soup-maven-integration-7.73.0.Final.jar:/Users/nikolasehovac/.m2/repository/org/apache/maven/maven-artifact/3.3.9/maven-artifact-3.3.9.jar:/Users/nikolasehovac/.m2/repository/org/apache/maven/maven-plugin-api/3.3.9/maven-plugin-api-3.3.9.jar:/Users/nikolasehovac/.m2/repository/org/eclipse/aether/aether-util/1.1.0/aether-util-1.1.0.jar:/Users/nikolasehovac/.m2/repository/org/eclipse/aether/aether-spi/1.1.0/aether-spi-1.1.0.jar:/Users/nikolasehovac/.m2/repository/org/eclipse/aether/aether-transport-file/1.1.0/aether-transport-file-1.1.0.jar:/Users/nikolasehovac/.m2/repository/org/eclipse/aether/aether-transport-http/1.1.0/aether-transport-http-1.1.0.jar:/Users/nikolasehovac/.m2/repository/jakarta/enterprise/jakarta.enterprise.cdi-api/2.0.2/jakarta.enterprise.cdi-api-2.0.2.jar:/Users/nikolasehovac/.m2/repository/jakarta/el/jakarta.el-api/3.0.3/jakarta.el-api-3.0.3.jar:/Users/nikolasehovac/.m2/repository/jakarta/interceptor/jakarta.interceptor-api/1.2.5/jakarta.interceptor-api-1.2.5.jar:/Users/nikolasehovac/.m2/repository/jakarta/ejb/jakarta.ejb-api/3.2.6/jakarta.ejb-api-3.2.6.jar:/Users/nikolasehovac/.m2/repository/org/apache/ant/ant/1.10.11/ant-1.10.11.jar:/Users/nikolasehovac/.m2/repository/org/apache/ant/ant-launcher/1.10.11/ant-launcher-1.10.11.jar:/Users/nikolasehovac/.m2/repository/org/apache/httpcomponents/httpcore/4.4.16/httpcore-4.4.16.jar:/Users/nikolasehovac/.m2/repository/com/google/inject/guice/4.0/guice-4.0-no_aop.jar:/Users/nikolasehovac/.m2/repository/aopalliance/aopalliance/1.0/aopalliance-1.0.jar:/Users/nikolasehovac/.m2/repository/org/apache/maven/maven-core/3.3.9/maven-core-3.3.9.jar:/Users/nikolasehovac/.m2/repository/org/apache/maven/maven-repository-metadata/3.3.9/maven-repository-metadata-3.3.9.jar:/Users/nikolasehovac/.m2/repository/org/codehaus/plexus/plexus-interpolation/1.21/plexus-interpolation-1.21.jar:/Users/nikolasehovac/.m2/repository/org/codehaus/plexus/plexus-component-annotations/1.6/plexus-component-annotations-1.6.jar:/Users/nikolasehovac/.m2/repository/org/apache/commons/commons-lang3/3.13.0/commons-lang3-3.13.0.jar:/Users/nikolasehovac/.m2/repository/org/apache/maven/maven-model/3.3.9/maven-model-3.3.9.jar:/Users/nikolasehovac/.m2/repository/org/apache/maven/maven-model-builder/3.3.9/maven-model-builder-3.3.9.jar:/Users/nikolasehovac/.m2/repository/org/apache/maven/maven-builder-support/3.3.9/maven-builder-support-3.3.9.jar:/Users/nikolasehovac/.m2/repository/com/google/guava/guava/18.0/guava-18.0.jar:/Users/nikolasehovac/.m2/repository/org/apache/maven/maven-settings/3.3.9/maven-settings-3.3.9.jar:/Users/nikolasehovac/.m2/repository/org/apache/maven/maven-settings-builder/3.3.9/maven-settings-builder-3.3.9.jar:/Users/nikolasehovac/.m2/repository/org/apache/maven/maven-compat/3.3.9/maven-compat-3.3.9.jar:/Users/nikolasehovac/.m2/repository/org/apache/maven/maven-aether-provider/3.3.9/maven-aether-provider-3.3.9.jar:/Users/nikolasehovac/.m2/repository/org/apache/maven/wagon/wagon-provider-api/3.0.0/wagon-provider-api-3.0.0.jar:/Users/nikolasehovac/.m2/repository/org/sonatype/plexus/plexus-sec-dispatcher/1.3/plexus-sec-dispatcher-1.3.jar:/Users/nikolasehovac/.m2/repository/org/codehaus/plexus/plexus-classworlds/2.5.2/plexus-classworlds-2.5.2.jar:/Users/nikolasehovac/.m2/repository/org/codehaus/plexus/plexus-utils/3.0.22/plexus-utils-3.0.22.jar:/Users/nikolasehovac/.m2/repository/org/eclipse/aether/aether-api/1.1.0/aether-api-1.1.0.jar:/Users/nikolasehovac/.m2/repository/org/eclipse/aether/aether-impl/1.1.0/aether-impl-1.1.0.jar:/Users/nikolasehovac/.m2/repository/org/eclipse/aether/aether-connector-basic/1.1.0/aether-connector-basic-1.1.0.jar:/Users/nikolasehovac/.m2/repository/org/eclipse/aether/aether-transport-wagon/1.1.0/aether-transport-wagon-1.1.0.jar:/Users/nikolasehovac/.m2/repository/org/eclipse/sisu/org.eclipse.sisu.plexus/0.3.2/org.eclipse.sisu.plexus-0.3.2.jar:/Users/nikolasehovac/.m2/repository/javax/enterprise/cdi-api/1.0/cdi-api-1.0.jar:/Users/nikolasehovac/.m2/repository/javax/annotation/jsr250-api/1.0/jsr250-api-1.0.jar:/Users/nikolasehovac/.m2/repository/javax/inject/javax.inject/1/javax.inject-1.jar:/Users/nikolasehovac/.m2/repository/org/eclipse/sisu/org.eclipse.sisu.inject/0.3.2/org.eclipse.sisu.inject-0.3.2.jar:/Users/nikolasehovac/.m2/repository/org/apache/maven/wagon/wagon-http/3.0.0/wagon-http-3.0.0.jar:/Users/nikolasehovac/.m2/repository/org/apache/maven/wagon/wagon-http-shared/3.0.0/wagon-http-shared-3.0.0.jar:/Users/nikolasehovac/.m2/repository/org/jsoup/jsoup/1.7.2/jsoup-1.7.2.jar:/Users/nikolasehovac/.m2/repository/org/apache/httpcomponents/httpclient/4.5.3/httpclient-4.5.3.jar:/Users/nikolasehovac/.m2/repository/commons-io/commons-io/2.7/commons-io-2.7.jar:/Users/nikolasehovac/.m2/repository/org/slf4j/jcl-over-slf4j/2.0.13/jcl-over-slf4j-2.0.13.jar:/Users/nikolasehovac/.m2/repository/org/sonatype/plexus/plexus-cipher/1.7/plexus-cipher-1.7.jar:/Users/nikolasehovac/.m2/repository/org/springframework/security/spring-security-test/6.2.4/spring-security-test-6.2.4.jar:/Users/nikolasehovac/.m2/repository/org/springframework/security/spring-security-core/6.2.4/spring-security-core-6.2.4.jar:/Users/nikolasehovac/.m2/repository/org/springframework/security/spring-security-crypto/6.2.4/spring-security-crypto-6.2.4.jar:"/>
    <property name="sun.cpu.endian" value="little"/>
    <property name="user.home" value="/Users/nikolasehovac"/>
    <property name="user.language" value="en"/>
    <property name="java.specification.vendor" value="Oracle Corporation"/>
    <property name="java.version.date" value="2022-08-18"/>
    <property name="java.home" value="/Library/Java/JavaVirtualMachines/jdk-18.0.2.1.jdk/Contents/Home"/>
    <property name="file.separator" value="/"/>
    <property name="basedir" value="/Users/nikolasehovac/Desktop/back"/>
    <property name="java.vm.compressedOopsMode" value="Zero based"/>
    <property name="line.separator" value="&#10;"/>
    <property name="java.vm.specification.vendor" value="Oracle Corporation"/>
    <property name="java.specification.name" value="Java Platform API Specification"/>
    <property name="FILE_LOG_CHARSET" value="UTF-8"/>
    <property name="java.awt.headless" value="true"/>
    <property name="apple.awt.application.name" value="ForkedBooter"/>
    <property name="surefire.real.class.path" value="/Users/nikolasehovac/Desktop/back/target/surefire/surefirebooter-20240506233405959_3.jar"/>
    <property name="sun.management.compiler" value="HotSpot 64-Bit Tiered Compilers"/>
    <property name="ftp.nonProxyHosts" value="local|*.local|169.254/16|*.169.254/16"/>
    <property name="java.runtime.version" value="18.0.2.1+1-1"/>
    <property name="user.name" value="nikolasehovac"/>
    <property name="path.separator" value=":"/>
    <property name="os.version" value="14.0"/>
    <property name="java.runtime.name" value="Java(TM) SE Runtime Environment"/>
    <property name="file.encoding" value="UTF-8"/>
    <property name="java.vm.name" value="Java HotSpot(TM) 64-Bit Server VM"/>
    <property name="localRepository" value="/Users/nikolasehovac/.m2/repository"/>
    <property name="java.vendor.url.bug" value="https://bugreport.java.com/bugreport/"/>
    <property name="java.io.tmpdir" value="/var/folders/sg/qt30g0113g35s0rx4thcg_y00000gn/T/"/>
    <property name="idea.version" value="2024.1.1"/>
    <property name="com.zaxxer.hikari.pool_number" value="1"/>
    <property name="java.version" value="18.0.2.1"/>
    <property name="user.dir" value="/Users/nikolasehovac/Desktop/back"/>
    <property name="os.arch" value="aarch64"/>
    <property name="java.vm.specification.name" value="Java Virtual Machine Specification"/>
    <property name="PID" value="63661"/>
    <property name="CONSOLE_LOG_CHARSET" value="UTF-8"/>
    <property name="native.encoding" value="UTF-8"/>
    <property name="java.library.path" value="/Users/nikolasehovac/Library/Java/Extensions:/Library/Java/Extensions:/Network/Library/Java/Extensions:/System/Library/Java/Extensions:/usr/lib/java:."/>
    <property name="java.vm.info" value="mixed mode, sharing"/>
    <property name="java.vendor" value="Oracle Corporation"/>
    <property name="java.vm.version" value="18.0.2.1+1-1"/>
    <property name="sun.io.unicode.encoding" value="UnicodeBig"/>
    <property name="socksNonProxyHosts" value="local|*.local|169.254/16|*.169.254/16"/>
    <property name="java.class.version" value="62.0"/>
    <property name="LOGGED_APPLICATION_NAME" value="[spring-boot] "/>
  </properties>
  <testcase name="contextLoads" classname="com.example.springboot.ApplicationTests" time="0.326">
    <system-out><![CDATA[23:34:06.289 [main] INFO org.springframework.test.context.support.AnnotationConfigContextLoaderUtils -- Could not detect default configuration classes for test class [com.example.springboot.ApplicationTests]: ApplicationTests does not declare any static, non-private, non-final, nested classes annotated with @Configuration.
23:34:06.331 [main] INFO org.springframework.boot.test.context.SpringBootTestContextBootstrapper -- Found @SpringBootConfiguration com.example.springboot.Application for test class com.example.springboot.ApplicationTests
23:34:06.388 [main] INFO org.springframework.boot.devtools.restart.RestartApplicationListener -- Restart disabled due to context in which it is running

  .   ____          _            __ _ _
 /\\ / ___'_ __ _ _(_)_ __  __ _ \ \ \ \
( ( )\___ | '_ | '_| | '_ \/ _` | \ \ \ \
 \\/  ___)| |_)| | | | | || (_| |  ) ) ) )
  '  |____| .__|_| |_|_| |_\__, | / / / /
 =========|_|==============|___/=/_/_/_/
 :: Spring Boot ::                (v3.2.5)

2024-05-06T23:34:06.495+02:00  INFO 63661 --- [spring-boot] [           main] c.example.springboot.ApplicationTests    : Starting ApplicationTests using Java 18.0.2.1 with PID 63661 (started by nikolasehovac in /Users/nikolasehovac/Desktop/back)
2024-05-06T23:34:06.496+02:00  INFO 63661 --- [spring-boot] [           main] c.example.springboot.ApplicationTests    : No active profile set, falling back to 1 default profile: "default"
2024-05-06T23:34:06.777+02:00  INFO 63661 --- [spring-boot] [           main] .s.d.r.c.RepositoryConfigurationDelegate : Bootstrapping Spring Data JPA repositories in DEFAULT mode.
2024-05-06T23:34:06.803+02:00  INFO 63661 --- [spring-boot] [           main] .s.d.r.c.RepositoryConfigurationDelegate : Finished Spring Data repository scanning in 23 ms. Found 2 JPA repository interfaces.
2024-05-06T23:34:07.034+02:00  INFO 63661 --- [spring-boot] [           main] o.hibernate.jpa.internal.util.LogHelper  : HHH000204: Processing PersistenceUnitInfo [name: default]
2024-05-06T23:34:07.062+02:00  INFO 63661 --- [spring-boot] [           main] org.hibernate.Version                    : HHH000412: Hibernate ORM core version 6.4.4.Final
2024-05-06T23:34:07.077+02:00  INFO 63661 --- [spring-boot] [           main] o.h.c.internal.RegionFactoryInitiator    : HHH000026: Second-level cache disabled
2024-05-06T23:34:07.165+02:00  INFO 63661 --- [spring-boot] [           main] o.s.o.j.p.SpringPersistenceUnitInfo      : No LoadTimeWeaver setup: ignoring JPA class transformer
2024-05-06T23:34:07.176+02:00  INFO 63661 --- [spring-boot] [           main] com.zaxxer.hikari.HikariDataSource       : HikariPool-1 - Starting...
2024-05-06T23:34:07.236+02:00  INFO 63661 --- [spring-boot] [           main] com.zaxxer.hikari.pool.HikariPool        : HikariPool-1 - Added connection org.postgresql.jdbc.PgConnection@2b2a4332
2024-05-06T23:34:07.237+02:00  INFO 63661 --- [spring-boot] [           main] com.zaxxer.hikari.HikariDataSource       : HikariPool-1 - Start completed.
2024-05-06T23:34:07.697+02:00  INFO 63661 --- [spring-boot] [           main] o.h.e.t.j.p.i.JtaPlatformInitiator       : HHH000489: No JTA platform available (set 'hibernate.transaction.jta.platform' to enable JTA platform integration)
Hibernate: 
    alter table if exists rating 
       drop constraint if exists FK8wkbtnfxo63iglj3vgpi5wq3x
2024-05-06T23:34:07.704+02:00  WARN 63661 --- [spring-boot] [           main] o.h.engine.jdbc.spi.SqlExceptionHelper   : SQL Warning Code: 0, SQLState: 00000
2024-05-06T23:34:07.704+02:00  WARN 63661 --- [spring-boot] [           main] o.h.engine.jdbc.spi.SqlExceptionHelper   : relation "rating" does not exist, skipping
Hibernate: 
    alter table if exists rating 
       drop constraint if exists FKpe2jbv38d8i6j2ojbqpfbokie
2024-05-06T23:34:07.704+02:00  WARN 63661 --- [spring-boot] [           main] o.h.engine.jdbc.spi.SqlExceptionHelper   : SQL Warning Code: 0, SQLState: 00000
2024-05-06T23:34:07.704+02:00  WARN 63661 --- [spring-boot] [           main] o.h.engine.jdbc.spi.SqlExceptionHelper   : relation "rating" does not exist, skipping
Hibernate: 
    alter table if exists tour 
       drop constraint if exists FKmjhdf12fgycotqybsyj8iftae
2024-05-06T23:34:07.705+02:00  WARN 63661 --- [spring-boot] [           main] o.h.engine.jdbc.spi.SqlExceptionHelper   : SQL Warning Code: 0, SQLState: 00000
2024-05-06T23:34:07.705+02:00  WARN 63661 --- [spring-boot] [           main] o.h.engine.jdbc.spi.SqlExceptionHelper   : relation "tour" does not exist, skipping
Hibernate: 
    alter table if exists user_tourist_app 
       drop constraint if exists FKeiot63ycr6yc61w0d1gurvru5
2024-05-06T23:34:07.705+02:00  WARN 63661 --- [spring-boot] [           main] o.h.engine.jdbc.spi.SqlExceptionHelper   : SQL Warning Code: 0, SQLState: 00000
2024-05-06T23:34:07.705+02:00  WARN 63661 --- [spring-boot] [           main] o.h.engine.jdbc.spi.SqlExceptionHelper   : relation "user_tourist_app" does not exist, skipping
Hibernate: 
    drop table if exists arrangement cascade
2024-05-06T23:34:07.706+02:00  WARN 63661 --- [spring-boot] [           main] o.h.engine.jdbc.spi.SqlExceptionHelper   : SQL Warning Code: 0, SQLState: 00000
2024-05-06T23:34:07.706+02:00  WARN 63661 --- [spring-boot] [           main] o.h.engine.jdbc.spi.SqlExceptionHelper   : table "arrangement" does not exist, skipping
Hibernate: 
    drop table if exists rating cascade
2024-05-06T23:34:07.706+02:00  WARN 63661 --- [spring-boot] [           main] o.h.engine.jdbc.spi.SqlExceptionHelper   : SQL Warning Code: 0, SQLState: 00000
2024-05-06T23:34:07.706+02:00  WARN 63661 --- [spring-boot] [           main] o.h.engine.jdbc.spi.SqlExceptionHelper   : table "rating" does not exist, skipping
Hibernate: 
    drop table if exists role cascade
2024-05-06T23:34:07.706+02:00  WARN 63661 --- [spring-boot] [           main] o.h.engine.jdbc.spi.SqlExceptionHelper   : SQL Warning Code: 0, SQLState: 00000
2024-05-06T23:34:07.707+02:00  WARN 63661 --- [spring-boot] [           main] o.h.engine.jdbc.spi.SqlExceptionHelper   : table "role" does not exist, skipping
Hibernate: 
    drop table if exists tour cascade
2024-05-06T23:34:07.707+02:00  WARN 63661 --- [spring-boot] [           main] o.h.engine.jdbc.spi.SqlExceptionHelper   : SQL Warning Code: 0, SQLState: 00000
2024-05-06T23:34:07.707+02:00  WARN 63661 --- [spring-boot] [           main] o.h.engine.jdbc.spi.SqlExceptionHelper   : table "tour" does not exist, skipping
Hibernate: 
    drop table if exists user_tourist_app cascade
2024-05-06T23:34:07.707+02:00  WARN 63661 --- [spring-boot] [           main] o.h.engine.jdbc.spi.SqlExceptionHelper   : SQL Warning Code: 0, SQLState: 00000
2024-05-06T23:34:07.707+02:00  WARN 63661 --- [spring-boot] [           main] o.h.engine.jdbc.spi.SqlExceptionHelper   : table "user_tourist_app" does not exist, skipping
Hibernate: 
    create table arrangement (
        average_rating float(53),
        id serial not null,
        popular boolean,
        price float(53) not null,
        state boolean,
        date_added timestamp(6),
        description varchar(255) not null,
        grade varchar(255) check (grade in ('GOOD','BAD','NEUTRAL')),
        image varchar(255),
        name varchar(255) not null,
        type varchar(255) not null check (type in ('FAMILY','GROUP','INDIVIDUAL')),
        primary key (id)
    )
Hibernate: 
    create table rating (
        arrangement_id integer not null,
        id serial not null,
        rating_date date not null,
        rating_value integer not null,
        user_id integer not null,
        comment varchar(255),
        primary key (id)
    )
Hibernate: 
    create table role (
        id bigserial not null,
        name varchar(255),
        primary key (id)
    )
Hibernate: 
    create table tour (
        arrangement_id integer not null,
        id_tour serial not null,
        participants_count integer,
        price float(53) not null,
        total_price float(53),
        category varchar(255) not null check (category in ('HISTORICAL','CULTURAL','ADVENTURE','NATURE','OTHER')),
        tour_description varchar(255) not null,
        tour_name varchar(255) not null,
        primary key (id_tour)
    )
Hibernate: 
    create table user_tourist_app (
        id serial not null,
        role_id bigint,
        email varchar(255) not null,
        firstname varchar(255) not null,
        lastname varchar(255) not null,
        password varchar(255) not null,
        username varchar(255) not null,
        primary key (id)
    )
Hibernate: 
    alter table if exists rating 
       add constraint FK8wkbtnfxo63iglj3vgpi5wq3x 
       foreign key (arrangement_id) 
       references arrangement
Hibernate: 
    alter table if exists rating 
       add constraint FKpe2jbv38d8i6j2ojbqpfbokie 
       foreign key (user_id) 
       references user_tourist_app
Hibernate: 
    alter table if exists tour 
       add constraint FKmjhdf12fgycotqybsyj8iftae 
       foreign key (arrangement_id) 
       references arrangement
Hibernate: 
    alter table if exists user_tourist_app 
       add constraint FKeiot63ycr6yc61w0d1gurvru5 
       foreign key (role_id) 
       references role
2024-05-06T23:34:07.728+02:00  INFO 63661 --- [spring-boot] [           main] j.LocalContainerEntityManagerFactoryBean : Initialized JPA EntityManagerFactory for persistence unit 'default'
2024-05-06T23:34:07.911+02:00  WARN 63661 --- [spring-boot] [           main] JpaBaseConfiguration$JpaWebConfiguration : spring.jpa.open-in-view is enabled by default. Therefore, database queries may be performed during view rendering. Explicitly configure spring.jpa.open-in-view to disable this warning
2024-05-06T23:34:08.096+02:00  INFO 63661 --- [spring-boot] [           main] o.s.s.web.DefaultSecurityFilterChain     : Will secure any request with [org.springframework.security.web.session.DisableEncodeUrlFilter@623bdc46, org.springframework.security.web.context.request.async.WebAsyncManagerIntegrationFilter@411576c7, org.springframework.security.web.context.SecurityContextHolderFilter@5c648e38, org.springframework.security.web.header.HeaderWriterFilter@3ef04239, org.springframework.web.filter.CorsFilter@332610ad, org.springframework.security.web.authentication.logout.LogoutFilter@5bfeb9ba, com.example.springboot.Security.JwtAuthenticationFilter@6075a4ea, org.springframework.security.web.savedrequest.RequestCacheAwareFilter@395c21ee, org.springframework.security.web.servletapi.SecurityContextHolderAwareRequestFilter@1e733bb5, org.springframework.security.web.authentication.AnonymousAuthenticationFilter@45bbb3e8, org.springframework.security.web.session.SessionManagementFilter@5eed2edf, org.springframework.security.web.access.ExceptionTranslationFilter@5b5f61cc, org.springframework.security.web.access.intercept.AuthorizationFilter@30259c61]
Hibernate: 
    select
        r1_0.id,
        r1_0.name 
    from
        role r1_0 
    where
        r1_0.name=?
2024-05-06T23:34:08.322+02:00  INFO 63661 --- [spring-boot] [           main] c.example.springboot.ApplicationTests    : Started ApplicationTests in 1.939 seconds (process running for 2.322)
Hibernate: 
    select
        r1_0.id,
        r1_0.name 
    from
        role r1_0 
    where
        r1_0.id=?
Hibernate: 
    insert 
    into
        role
        (name) 
    values
        (?)
Hibernate: 
    select
        r1_0.id,
        r1_0.name 
    from
        role r1_0 
    where
        r1_0.id=?
Hibernate: 
    insert 
    into
        role
        (name) 
    values
        (?)
]]></system-out>
  </testcase>
</testsuite>